[01Aug2025 00:12:57.198] [Server thread/INFO] [net.minecraft.server.players.PlayerList/]: BloodSoss[/127.39.20.82:59233] logged in with entity id 27022 at (65.74047957713049, -2.0, 334.833566401313)
[01Aug2025 00:12:57.229] [Server thread/INFO] [net.minecraft.server.MinecraftServer/]: BloodSoss joined the game
[01Aug2025 00:13:19.585] [Server thread/INFO] [net.minecraft.server.MinecraftServer/]: Made BloodSoss a server operator
[01Aug2025 00:13:25.490] [Server thread/INFO] [net.minecraft.server.MinecraftServer/]: [BloodSoss: Set own game mode to Creative Mode]
[01Aug2025 00:14:45.553] [Server thread/INFO] [net.minecraft.server.MinecraftServer/]: [BloodSoss: Set own game mode to Spectator Mode]
[01Aug2025 00:14:55.040] [Server thread/INFO] [net.minecraft.server.MinecraftServer/]: [BloodSoss: Set own game mode to Creative Mode]
[01Aug2025 00:15:36.744] [Server thread/INFO] [net.minecraft.server.MinecraftServer/]: [BloodSoss: Set own game mode to Spectator Mode]
[01Aug2025 00:15:39.798] [Server thread/INFO] [net.minecraft.server.MinecraftServer/]: [BloodSoss: Set own game mode to Survival Mode]
[01Aug2025 00:15:54.882] [Server thread/INFO] [net.minecraft.server.MinecraftServer/]: BloodSoss has made the advancement [Cover Me with Diamonds]
[01Aug2025 00:16:50.007] [Server thread/INFO] [net.minecraft.server.MinecraftServer/]: [BloodSoss: Set own game mode to Creative Mode]
[01Aug2025 00:17:14.641] [Server thread/INFO] [net.minecraft.server.players.PlayerList/]: titiiiixd[/127.120.157.170:58245] logged in with entity id 27895 at (118.30000001192093, 46.0, 82.51795257486735)
[01Aug2025 00:17:14.652] [Server thread/INFO] [net.minecraft.server.MinecraftServer/]: titiiiixd joined the game
[01Aug2025 00:17:19.356] [Server thread/INFO] [net.minecraft.server.MinecraftServer/]: [BloodSoss: Set own game mode to Survival Mode]
[01Aug2025 00:19:30.553] [Server thread/INFO] [net.minecraft.server.MinecraftServer/]: BloodSoss has made the advancement [Best Friends Forever]
[01Aug2025 00:20:37.586] [Worker-Main-212/WARN] [net.minecraft.server.level.WorldGenRegion/]: Tried to access a block entity before it was created. BlockPos{x=-413, y=-25, z=446}
[01Aug2025 00:21:40.111] [Server thread/INFO] [net.minecraft.server.MinecraftServer/]: titiiiixd fell from a high place
[01Aug2025 00:22:20.325] [Server thread/WARN] [net.minecraft.server.MinecraftServer/]: Can't keep up! Is the server overloaded? Running 2011ms or 40 ticks behind
[01Aug2025 00:24:12.346] [Server thread/INFO] [net.minecraft.server.MinecraftServer/]: BloodSoss has made the advancement [Ice Bucket Challenge]
[01Aug2025 00:24:15.984] [Server thread/INFO] [net.minecraft.server.MinecraftServer/]: titiiiixd was slain by Zombie
[01Aug2025 00:24:36.197] [Server thread/WARN] [net.minecraft.server.level.ServerPlayerGameMode/]: Mismatch in destroy block pos: BlockPos{x=0, y=0, z=0} BlockPos{x=32, y=69, z=63}
[01Aug2025 00:24:36.461] [Server thread/WARN] [net.minecraft.server.level.ServerPlayerGameMode/]: Mismatch in destroy block pos: BlockPos{x=0, y=0, z=0} BlockPos{x=32, y=68, z=63}
[01Aug2025 00:24:36.663] [Server thread/WARN] [net.minecraft.server.level.ServerPlayerGameMode/]: Mismatch in destroy block pos: BlockPos{x=0, y=0, z=0} BlockPos{x=32, y=67, z=63}
[01Aug2025 00:24:36.796] [Server thread/WARN] [net.minecraft.server.level.ServerPlayerGameMode/]: Mismatch in destroy block pos: BlockPos{x=0, y=0, z=0} BlockPos{x=32, y=66, z=62}
[01Aug2025 00:24:37.695] [Server thread/WARN] [net.minecraft.server.level.ServerPlayerGameMode/]: Mismatch in destroy block pos: BlockPos{x=0, y=0, z=0} BlockPos{x=32, y=67, z=63}
[01Aug2025 00:24:54.298] [Server thread/WARN] [net.minecraft.server.level.ServerPlayerGameMode/]: Mismatch in destroy block pos: BlockPos{x=0, y=0, z=0} BlockPos{x=32, y=67, z=63}
[01Aug2025 00:24:56.492] [Server thread/INFO] [net.minecraft.server.network.ServerGamePacketListenerImpl/]: titiiiixd lost connection: Disconnected
[01Aug2025 00:24:56.493] [Server thread/INFO] [net.minecraft.server.MinecraftServer/]: titiiiixd left the game
[01Aug2025 00:25:07.605] [Server thread/INFO] [net.minecraft.server.players.PlayerList/]: titiiiixd[/127.120.157.170:53325] logged in with entity id 33493 at (33.527827903383155, 67.0, 62.03546117413895)
[01Aug2025 00:25:07.611] [Server thread/INFO] [net.minecraft.server.MinecraftServer/]: titiiiixd joined the game
[01Aug2025 00:25:17.360] [Server thread/WARN] [net.minecraft.server.level.ServerPlayerGameMode/]: Mismatch in destroy block pos: BlockPos{x=0, y=0, z=0} BlockPos{x=32, y=67, z=63}
[01Aug2025 00:25:18.052] [Server thread/WARN] [net.minecraft.server.level.ServerPlayerGameMode/]: Mismatch in destroy block pos: BlockPos{x=0, y=0, z=0} BlockPos{x=32, y=68, z=63}
[01Aug2025 00:25:20.551] [Server thread/WARN] [net.minecraft.server.level.ServerPlayerGameMode/]: Mismatch in destroy block pos: BlockPos{x=0, y=0, z=0} BlockPos{x=32, y=68, z=63}
[01Aug2025 00:25:20.892] [Server thread/WARN] [net.minecraft.server.level.ServerPlayerGameMode/]: Mismatch in destroy block pos: BlockPos{x=0, y=0, z=0} BlockPos{x=32, y=68, z=63}
[01Aug2025 00:25:22.845] [Server thread/WARN] [net.minecraft.server.level.ServerPlayerGameMode/]: Mismatch in destroy block pos: BlockPos{x=0, y=0, z=0} BlockPos{x=33, y=66, z=58}
[01Aug2025 00:25:23.013] [Server thread/WARN] [net.minecraft.server.level.ServerPlayerGameMode/]: Mismatch in destroy block pos: BlockPos{x=0, y=0, z=0} BlockPos{x=33, y=66, z=58}
[01Aug2025 00:25:23.063] [Server thread/WARN] [net.minecraft.server.level.ServerPlayerGameMode/]: Mismatch in destroy block pos: BlockPos{x=0, y=0, z=0} BlockPos{x=33, y=66, z=58}
[01Aug2025 00:25:23.998] [Server thread/WARN] [net.minecraft.server.level.ServerPlayerGameMode/]: Mismatch in destroy block pos: BlockPos{x=0, y=0, z=0} BlockPos{x=34, y=66, z=64}
[01Aug2025 00:25:24.044] [Server thread/WARN] [net.minecraft.server.level.ServerPlayerGameMode/]: Mismatch in destroy block pos: BlockPos{x=0, y=0, z=0} BlockPos{x=35, y=66, z=63}
[01Aug2025 00:25:24.295] [Server thread/WARN] [net.minecraft.server.level.ServerPlayerGameMode/]: Mismatch in destroy block pos: BlockPos{x=0, y=0, z=0} BlockPos{x=36, y=66, z=63}
[01Aug2025 00:26:30.972] [Server thread/INFO] [net.minecraft.server.MinecraftServer/]: BloodSoss has made the advancement [World of illusion]
[01Aug2025 00:27:50.648] [Server thread/INFO] [net.minecraft.server.MinecraftServer/]: titiiiixd fell from a high place
[01Aug2025 00:27:57.704] [Server thread/WARN] [net.minecraft.server.level.ServerPlayerGameMode/]: Mismatch in destroy block pos: BlockPos{x=0, y=0, z=0} BlockPos{x=48, y=65, z=57}
[01Aug2025 00:30:55.803] [Server thread/INFO] [net.minecraft.server.MinecraftServer/]: titiiiixd hit the ground too hard
[01Aug2025 00:34:36.755] [Server thread/INFO] [net.minecraft.server.MinecraftServer/]: BloodSoss has made the advancement [Sweet Dreams]
[01Aug2025 00:35:04.545] [Server thread/INFO] [net.minecraft.server.MinecraftServer/]: titiiiixd has made the advancement [Sweet Dreams]
[01Aug2025 00:35:25.643] [Server thread/WARN] [net.minecraft.server.level.ServerPlayerGameMode/]: Mismatch in destroy block pos: BlockPos{x=-460, y=81, z=299} BlockPos{x=-460, y=81, z=298}
[01Aug2025 00:35:55.631] [Server thread/INFO] [net.minecraft.server.network.ServerGamePacketListenerImpl/]: titiiiixd lost connection: Disconnected
[01Aug2025 00:35:55.631] [Server thread/INFO] [net.minecraft.server.MinecraftServer/]: titiiiixd left the game
[01Aug2025 00:41:08.339] [Server thread/INFO] [net.minecraft.server.players.PlayerList/]: titiiiixd[/127.120.157.170:50061] logged in with entity id 45402 at (-440.5677833923596, 70.0, 311.0271781609832)
[01Aug2025 00:41:08.348] [Server thread/INFO] [net.minecraft.server.MinecraftServer/]: titiiiixd joined the game
[01Aug2025 00:41:23.659] [Server thread/INFO] [net.minecraft.server.MinecraftServer/]: [Not Secure] <BloodSoss> ???
[01Aug2025 00:41:26.001] [Server thread/INFO] [net.minecraft.server.MinecraftServer/]: [Not Secure] <titiiiixd> quiere llamad nomas
[01Aug2025 00:41:28.510] [Server thread/INFO] [net.minecraft.server.MinecraftServer/]: [Not Secure] <titiiiixd> el pendejo
[01Aug2025 00:41:30.553] [Server thread/INFO] [net.minecraft.server.MinecraftServer/]: [Not Secure] <BloodSoss> :V
[01Aug2025 00:41:34.147] [Server thread/INFO] [net.minecraft.server.MinecraftServer/]: [Not Secure] <BloodSoss> asi q chiste
[01Aug2025 00:41:35.243] [Server thread/INFO] [net.minecraft.server.MinecraftServer/]: [Not Secure] <titiiiixd> estos amigos de ahora..
[01Aug2025 00:41:58.290] [Server thread/INFO] [net.minecraft.server.MinecraftServer/]: [Not Secure] <BloodSoss> llamame alli pues
[01Aug2025 00:42:00.347] [Server thread/INFO] [net.minecraft.server.MinecraftServer/]: [Not Secure] <BloodSoss> pa viciar como es
[01Aug2025 00:42:18.510] [Server thread/INFO] [net.minecraft.server.MinecraftServer/]: [Not Secure] <titiiiixd> espera a ver si cambia de opinion este pendejo
[01Aug2025 00:42:28.543] [Server thread/INFO] [net.minecraft.server.MinecraftServer/]: [Not Secure] <BloodSoss> bruh
[01Aug2025 00:50:28.067] [Server thread/INFO] [net.minecraft.world.entity.npc.Villager/]: Villager Villager['Nitwit'/45468, l='ServerLevel[world]', x=-403.30, y=82.75, z=362.75] died, message: 'Nitwit was slain by Zombie'
[01Aug2025 00:59:25.903] [Server thread/INFO] [net.minecraft.server.MinecraftServer/]: [Not Secure] <BloodSoss> -348 253
[01Aug2025 00:59:57.299] [Server thread/INFO] [net.minecraft.server.MinecraftServer/]: BloodSoss has made the advancement [We Need to Go Deeper]
[01Aug2025 00:59:59.468] [Server thread/WARN] [net.minecraft.server.MinecraftServer/]: Can't keep up! Is the server overloaded? Running 5354ms or 107 ticks behind
[01Aug2025 01:00:42.104] [Server thread/INFO] [net.minecraft.server.MinecraftServer/]: BloodSoss has made the advancement [Nightmare Fuel]
[01Aug2025 01:02:18.073] [Server thread/INFO] [net.minecraft.server.MinecraftServer/]: BloodSoss has made the advancement [Frightening Rush]
[01Aug2025 01:02:58.262] [Server thread/INFO] [net.minecraft.server.MinecraftServer/]: BloodSoss has reached the goal [Non-renewable? Yeah, right..]
[01Aug2025 01:07:11.147] [Server thread/INFO] [net.minecraft.server.MinecraftServer/]: [BloodSoss: Set own game mode to Spectator Mode]
[01Aug2025 01:07:21.599] [Server thread/INFO] [net.minecraft.server.MinecraftServer/]: BloodSoss has made the advancement [Rattling Remnants]
[01Aug2025 01:09:04.851] [Server thread/INFO] [net.minecraft.server.MinecraftServer/]: [BloodSoss: Set own game mode to Creative Mode]
[01Aug2025 01:09:08.540] [Server thread/INFO] [net.minecraft.server.MinecraftServer/]: BloodSoss has made the advancement [A Terrible Fortress]
[01Aug2025 01:09:31.039] [Server thread/INFO] [net.minecraft.server.MinecraftServer/]: BloodSoss has made the advancement [Stare Into Despair]
[01Aug2025 01:09:31.040] [Server thread/INFO] [net.minecraft.server.MinecraftServer/]: BloodSoss has made the advancement [The Beginning of An Adventure]
[01Aug2025 01:12:52.388] [Server thread/INFO] [net.minecraft.server.MinecraftServer/]: titiiiixd has made the advancement [Sneak 100]
[01Aug2025 01:14:43.542] [Server thread/INFO] [net.minecraft.server.MinecraftServer/]: [BloodSoss: Set own game mode to Spectator Mode]
[01Aug2025 01:15:36.668] [Server thread/INFO] [net.minecraft.server.MinecraftServer/]: [BloodSoss: Set own game mode to Creative Mode]
[01Aug2025 01:15:59.401] [Server thread/INFO] [net.minecraft.server.MinecraftServer/]: [BloodSoss: Set own game mode to Spectator Mode]
[01Aug2025 01:16:32.157] [Server thread/INFO] [net.minecraft.server.MinecraftServer/]: [BloodSoss: Set own game mode to Creative Mode]
[01Aug2025 01:16:36.646] [Server thread/INFO] [net.minecraft.server.MinecraftServer/]: BloodSoss has made the advancement [Those Were the Days]
[01Aug2025 01:17:26.287] [Server thread/INFO] [net.minecraft.server.MinecraftServer/]: titiiiixd was killed by Witch using magic
[01Aug2025 01:17:43.093] [Server thread/INFO] [net.minecraft.server.MinecraftServer/]: BloodSoss has made the advancement [War Pigs]
[01Aug2025 01:19:35.503] [Server thread/INFO] [net.minecraft.server.MinecraftServer/]: [BloodSoss: Set own game mode to Spectator Mode]
[01Aug2025 01:19:40.191] [Server thread/INFO] [net.minecraft.server.MinecraftServer/]: [BloodSoss: Set own game mode to Creative Mode]
[01Aug2025 01:19:43.700] [Server thread/INFO] [net.minecraft.server.MinecraftServer/]: BloodSoss has made the advancement [It Belongs in a Museum]
[01Aug2025 01:19:55.999] [Server thread/INFO] [net.minecraft.server.MinecraftServer/]: [BloodSoss: Set own game mode to Spectator Mode]
[01Aug2025 01:20:12.699] [Server thread/INFO] [net.minecraft.server.MinecraftServer/]: [BloodSoss: Set own game mode to Creative Mode]
[01Aug2025 01:20:22.794] [Server thread/INFO] [net.minecraft.server.MinecraftServer/]: [BloodSoss: Set own game mode to Spectator Mode]
[01Aug2025 01:20:50.591] [Server thread/INFO] [net.minecraft.server.MinecraftServer/]: [BloodSoss: Set own game mode to Creative Mode]
[01Aug2025 01:21:09.561] [Server thread/INFO] [net.minecraft.server.MinecraftServer/]: [BloodSoss: Set own game mode to Spectator Mode]
[01Aug2025 01:21:20.239] [Server thread/INFO] [net.minecraft.server.MinecraftServer/]: [BloodSoss: Set own game mode to Creative Mode]
[01Aug2025 01:22:01.852] [Server thread/INFO] [net.minecraft.server.MinecraftServer/]: [BloodSoss: Set own game mode to Spectator Mode]
[01Aug2025 01:22:16.843] [Server thread/INFO] [net.minecraft.server.MinecraftServer/]: titiiiixd was shot by Skeleton
[01Aug2025 01:22:58.407] [Server thread/INFO] [net.minecraft.server.MinecraftServer/]: titiiiixd fell from a high place
[01Aug2025 01:23:03.564] [Server thread/INFO] [net.minecraft.server.MinecraftServer/]: BloodSoss has completed the challenge [Hot Tourist Destinations]
[01Aug2025 01:23:50.239] [Server thread/INFO] [net.minecraft.server.MinecraftServer/]: [BloodSoss: Set own game mode to Creative Mode]
[01Aug2025 01:23:55.391] [Server thread/INFO] [net.minecraft.server.MinecraftServer/]: titiiiixd has made the advancement [Convergent Evolution...]
[01Aug2025 01:26:30.794] [Server thread/INFO] [net.minecraft.server.MinecraftServer/]: [BloodSoss: Set own game mode to Spectator Mode]
[01Aug2025 01:26:57.656] [Server thread/INFO] [net.minecraft.server.MinecraftServer/]: [BloodSoss: Set own game mode to Creative Mode]
[01Aug2025 01:27:51.903] [Server thread/INFO] [net.minecraft.server.players.PlayerList/]: Chiguagua[/127.56.19.246:47301] logged in with entity id 73412 at (79.27537230348192, 0.0, 56.339161505324064)
[01Aug2025 01:27:51.909] [Server thread/INFO] [net.minecraft.server.MinecraftServer/]: Chiguagua joined the game
[01Aug2025 01:27:58.646] [Server thread/INFO] [net.minecraft.server.MinecraftServer/]: [Not Secure] <BloodSoss> CHeee
[01Aug2025 01:27:59.697] [Server thread/INFO] [net.minecraft.server.MinecraftServer/]: [Not Secure] <BloodSoss> q onda
[01Aug2025 01:28:02.937] [Server thread/INFO] [net.minecraft.server.MinecraftServer/]: [Not Secure] <Chiguagua> buenas
[01Aug2025 01:28:13.121] [Server thread/INFO] [net.minecraft.server.MinecraftServer/]: [Not Secure] <Chiguagua> me estoy cocinando unas mila
[01Aug2025 01:28:17.651] [Server thread/INFO] [net.minecraft.server.MinecraftServer/]: [Not Secure] <Chiguagua> por eso tarde
[01Aug2025 01:28:19.506] [Server thread/INFO] [net.minecraft.server.MinecraftServer/]: [Not Secure] <BloodSoss> que ricoooo
[01Aug2025 01:28:28.862] [Server thread/INFO] [net.minecraft.server.MinecraftServer/]: [Not Secure] <Chiguagua> las tengo q tantear igual para q no se me quemen
[01Aug2025 01:28:35.258] [Server thread/INFO] [net.minecraft.server.MinecraftServer/]: [Not Secure] <Chiguagua> estoy en una cueva jaja
[01Aug2025 01:28:38.257] [Server thread/INFO] [net.minecraft.server.MinecraftServer/]: [Not Secure] <BloodSoss> rela rela
[01Aug2025 01:28:38.899] [Server thread/INFO] [net.minecraft.server.MinecraftServer/]: [Not Secure] <Chiguagua> no se donde ir
[01Aug2025 01:28:45.146] [Server thread/INFO] [net.minecraft.server.MinecraftServer/]: [Not Secure] <BloodSoss> decime tus coords
[01Aug2025 01:28:53.209] [Server thread/INFO] [net.minecraft.server.MinecraftServer/]: [Not Secure] <Chiguagua> dale
[01Aug2025 01:28:57.599] [Server thread/INFO] [net.minecraft.server.MinecraftServer/]: [Not Secure] <Chiguagua> banca q salgo a la sup
[01Aug2025 01:29:07.401] [Server thread/INFO] [net.minecraft.server.MinecraftServer/]: [Not Secure] <BloodSoss> va
[01Aug2025 01:29:39.948] [Server thread/INFO] [net.minecraft.server.MinecraftServer/]: [Not Secure] <Chiguagua> a es de noche .-.
[01Aug2025 01:29:40.700] [Server thread/INFO] [net.minecraft.server.MinecraftServer/]: titiiiixd was shot by Skeleton
[01Aug2025 01:30:05.655] [Server thread/INFO] [net.minecraft.server.MinecraftServer/]: [Not Secure] <Chiguagua> 52 83
[01Aug2025 01:30:07.548] [Server thread/INFO] [net.minecraft.server.MinecraftServer/]: [BloodSoss: Set own game mode to Survival Mode]
[01Aug2025 01:30:08.369] [Server thread/INFO] [net.minecraft.server.MinecraftServer/]: Stopping server
[01Aug2025 01:30:08.375] [Server thread/INFO] [net.minecraft.server.MinecraftServer/]: Saving players
[01Aug2025 01:30:08.388] [Server thread/INFO] [net.minecraft.server.MinecraftServer/]: Saving worlds
[01Aug2025 01:30:09.226] [Server thread/INFO] [net.minecraft.server.MinecraftServer/]: Saving chunks for level 'ServerLevel[world]'/minecraft:overworld
[01Aug2025 01:30:10.365] [Server thread/INFO] [net.minecraft.server.MinecraftServer/]: Saving chunks for level 'ServerLevel[world]'/deeperdarker:otherside
[01Aug2025 01:30:10.367] [Server thread/INFO] [net.minecraft.server.MinecraftServer/]: Saving chunks for level 'ServerLevel[world]'/graveyard:past
[01Aug2025 01:30:10.368] [Server thread/INFO] [net.minecraft.server.MinecraftServer/]: Saving chunks for level 'ServerLevel[world]'/mofus_better_end_:broken_constellation
[01Aug2025 01:30:10.370] [Server thread/INFO] [net.minecraft.server.MinecraftServer/]: Saving chunks for level 'ServerLevel[world]'/minecraft:the_end
[01Aug2025 01:30:10.370] [Server thread/INFO] [net.minecraft.server.MinecraftServer/]: Saving chunks for level 'ServerLevel[world]'/minecraft:the_nether
[01Aug2025 01:30:10.617] [Server thread/INFO] [net.minecraft.server.MinecraftServer/]: ThreadedAnvilChunkStorage (world): All chunks are saved
[01Aug2025 01:30:10.617] [Server thread/INFO] [net.minecraft.server.MinecraftServer/]: ThreadedAnvilChunkStorage (otherside): All chunks are saved
[01Aug2025 01:30:10.617] [Server thread/INFO] [net.minecraft.server.MinecraftServer/]: ThreadedAnvilChunkStorage (past): All chunks are saved
[01Aug2025 01:30:10.617] [Server thread/INFO] [net.minecraft.server.MinecraftServer/]: ThreadedAnvilChunkStorage (broken_constellation): All chunks are saved
[01Aug2025 01:30:10.618] [Server thread/INFO] [net.minecraft.server.MinecraftServer/]: ThreadedAnvilChunkStorage (DIM1): All chunks are saved
[01Aug2025 01:30:10.618] [Server thread/INFO] [net.minecraft.server.MinecraftServer/]: ThreadedAnvilChunkStorage (DIM-1): All chunks are saved
[01Aug2025 01:30:10.618] [Server thread/INFO] [net.minecraft.server.MinecraftServer/]: ThreadedAnvilChunkStorage: All dimensions are saved
